
==================================================
File: C:\Users\hkda\OneDrive\Documents\hka21\Year 4\Masters\Rugby_head_motions\Rugby1.xlsx
Time: 2025-05-05 17:54:47.437697
Duration: 0.9s
Error: 'time'
==================================================

==================================================
File: C:\Users\hkda\OneDrive\Documents\hka21\Year 4\Masters\Rugby_head_motions\Rugby10.xlsx
Time: 2025-05-05 17:54:47.487167
Duration: 0.0s
Error: 'time'
==================================================

==================================================
File: C:\Users\hkda\OneDrive\Documents\hka21\Year 4\Masters\Rugby_head_motions\Rugby100.xlsx
Time: 2025-05-05 17:54:47.538912
Duration: 0.0s
Error: 'time'
==================================================

==================================================
File: C:\Users\hkda\OneDrive\Documents\hka21\Year 4\Masters\Rugby_head_motions\Rugby1000.xlsx
Time: 2025-05-05 17:54:47.887966
Duration: 0.3s
Error: 'time'
==================================================

==================================================
File: C:\Users\hkda\OneDrive\Documents\hka21\Year 4\Masters\Rugby_head_motions\Rugby1001.xlsx
Time: 2025-05-05 17:54:48.154357
Duration: 0.2s
Error: 'time'
==================================================

==================================================
File: C:\Users\hkda\OneDrive\Documents\hka21\Year 4\Masters\Rugby_head_motions\Rugby1002.xlsx
Time: 2025-05-05 17:54:48.432983
Duration: 0.3s
Error: 'time'
==================================================

==================================================
File: C:\Users\hkda\OneDrive\Documents\hka21\Year 4\Masters\Rugby_head_motions\Rugby1003.xlsx
Time: 2025-05-05 17:54:48.725245
Duration: 0.3s
Error: 'time'
==================================================

==================================================
File: C:\Users\hkda\OneDrive\Documents\hka21\Year 4\Masters\Rugby_head_motions\Rugby1004.xlsx
Time: 2025-05-05 17:54:49.010104
Duration: 0.3s
Error: 'time'
==================================================

==================================================
File: C:\Users\hkda\OneDrive\Documents\hka21\Year 4\Masters\Rugby_head_motions\Rugby1005.xlsx
Time: 2025-05-05 17:54:49.298768
Duration: 0.3s
Error: 'time'
==================================================

==================================================
File: C:\Users\hkda\OneDrive\Documents\hka21\Year 4\Masters\Rugby_head_motions\Rugby1006.xlsx
Time: 2025-05-05 17:54:49.555360
Duration: 0.2s
Error: 'time'
==================================================

==================================================
File: C:\Users\hkda\OneDrive\Documents\hka21\Year 4\Masters\Rugby_head_motions\Rugby1007.xlsx
Time: 2025-05-05 17:54:49.819813
Duration: 0.2s
Error: 'time'
==================================================

==================================================
File: C:\Users\hkda\OneDrive\Documents\hka21\Year 4\Masters\Rugby_head_motions\Rugby1008.xlsx
Time: 2025-05-05 17:54:50.083496
Duration: 0.2s
Error: 'time'
==================================================

==================================================
File: C:\Users\hkda\OneDrive\Documents\hka21\Year 4\Masters\Rugby_head_motions\Rugby1009.xlsx
Time: 2025-05-05 17:54:50.376155
Duration: 0.3s
Error: 'time'
==================================================

==================================================
File: C:\Users\hkda\OneDrive\Documents\hka21\Year 4\Masters\Rugby_head_motions\Rugby101.xlsx
Time: 2025-05-05 17:54:50.622310
Duration: 0.2s
Error: 'time'
==================================================

==================================================
File: C:\Users\hkda\OneDrive\Documents\hka21\Year 4\Masters\Rugby_head_motions\Rugby1010.xlsx
Time: 2025-05-05 17:54:50.909976
Duration: 0.3s
Error: 'time'
==================================================

==================================================
File: C:\Users\hkda\OneDrive\Documents\hka21\Year 4\Masters\Rugby_head_motions\Rugby1011.xlsx
Time: 2025-05-05 17:54:51.200383
Duration: 0.3s
Error: 'time'
==================================================

==================================================
File: C:\Users\hkda\OneDrive\Documents\hka21\Year 4\Masters\Rugby_head_motions\Rugby1012.xlsx
Time: 2025-05-05 17:54:51.529987
Duration: 0.3s
Error: 'time'
==================================================

==================================================
File: C:\Users\hkda\OneDrive\Documents\hka21\Year 4\Masters\Rugby_head_motions\Rugby1013.xlsx
Time: 2025-05-05 17:54:51.896873
Duration: 0.3s
Error: 'time'
==================================================

==================================================
File: C:\Users\hkda\OneDrive\Documents\hka21\Year 4\Masters\Rugby_head_motions\Rugby1014.xlsx
Time: 2025-05-05 17:54:52.154890
Duration: 0.2s
Error: 'time'
==================================================

==================================================
File: C:\Users\hkda\OneDrive\Documents\hka21\Year 4\Masters\Rugby_head_motions\Rugby1015.xlsx
Time: 2025-05-05 17:54:52.420443
Duration: 0.2s
Error: 'time'
==================================================

==================================================
File: C:\Users\hkda\OneDrive\Documents\hka21\Year 4\Masters\Rugby_head_motions\Rugby1016.xlsx
Time: 2025-05-05 17:54:52.757534
Duration: 0.3s
Error: 'time'
==================================================

==================================================
File: C:\Users\hkda\OneDrive\Documents\hka21\Year 4\Masters\Rugby_head_motions\Rugby1017.xlsx
Time: 2025-05-05 17:54:53.054967
Duration: 0.3s
Error: 'time'
==================================================

==================================================
File: C:\Users\hkda\OneDrive\Documents\hka21\Year 4\Masters\Rugby_head_motions\Rugby1018.xlsx
Time: 2025-05-05 17:54:53.369633
Duration: 0.3s
Error: 'time'
==================================================

==================================================
File: C:\Users\hkda\OneDrive\Documents\hka21\Year 4\Masters\Rugby_head_motions\Rugby1019.xlsx
Time: 2025-05-05 17:54:53.636248
Duration: 0.2s
Error: 'time'
==================================================

==================================================
File: C:\Users\hkda\OneDrive\Documents\hka21\Year 4\Masters\Rugby_head_motions\Rugby102.xlsx
Time: 2025-05-05 17:54:53.916914
Duration: 0.3s
Error: 'time'
==================================================

==================================================
File: C:\Users\hkda\OneDrive\Documents\hka21\Year 4\Masters\Rugby_head_motions\Rugby1020.xlsx
Time: 2025-05-05 17:54:54.182605
Duration: 0.2s
Error: 'time'
==================================================

==================================================
File: C:\Users\hkda\OneDrive\Documents\hka21\Year 4\Masters\Rugby_head_motions\Rugby1021.xlsx
Time: 2025-05-05 17:54:54.586831
Duration: 0.4s
Error: 'time'
==================================================

==================================================
File: C:\Users\hkda\OneDrive\Documents\hka21\Year 4\Masters\Rugby_head_motions\Rugby1022.xlsx
Time: 2025-05-05 17:54:54.931694
Duration: 0.3s
Error: 'time'
==================================================

==================================================
File: C:\Users\hkda\OneDrive\Documents\hka21\Year 4\Masters\Rugby_head_motions\Rugby1023.xlsx
Time: 2025-05-05 17:54:55.242836
Duration: 0.3s
Error: 'time'
==================================================

==================================================
File: C:\Users\hkda\OneDrive\Documents\hka21\Year 4\Masters\Rugby_head_motions\Rugby1024.xlsx
Time: 2025-05-05 17:54:55.550644
Duration: 0.3s
Error: 'time'
==================================================

==================================================
File: C:\Users\hkda\OneDrive\Documents\hka21\Year 4\Masters\Rugby_head_motions\Rugby1025.xlsx
Time: 2025-05-05 17:54:55.793275
Duration: 0.2s
Error: 'time'
==================================================

==================================================
File: C:\Users\hkda\OneDrive\Documents\hka21\Year 4\Masters\Rugby_head_motions\Rugby1026.xlsx
Time: 2025-05-05 17:54:56.056189
Duration: 0.2s
Error: 'time'
==================================================

==================================================
File: C:\Users\hkda\OneDrive\Documents\hka21\Year 4\Masters\Rugby_head_motions\Rugby1027.xlsx
Time: 2025-05-05 17:54:56.330290
Duration: 0.2s
Error: 'time'
==================================================

==================================================
File: C:\Users\hkda\OneDrive\Documents\hka21\Year 4\Masters\Rugby_head_motions\Rugby1028.xlsx
Time: 2025-05-05 17:54:56.579410
Duration: 0.2s
Error: 'time'
==================================================

==================================================
File: C:\Users\hkda\OneDrive\Documents\hka21\Year 4\Masters\Rugby_head_motions\Rugby1029.xlsx
Time: 2025-05-05 17:54:56.885591
Duration: 0.3s
Error: 'time'
==================================================

==================================================
File: C:\Users\hkda\OneDrive\Documents\hka21\Year 4\Masters\Rugby_head_motions\Rugby103.xlsx
Time: 2025-05-05 17:54:56.942831
Duration: 0.0s
Error: 'time'
==================================================

==================================================
File: C:\Users\hkda\OneDrive\Documents\hka21\Year 4\Masters\Rugby_head_motions\Rugby1030.xlsx
Time: 2025-05-05 17:54:57.230774
Duration: 0.3s
Error: 'time'
==================================================

==================================================
File: C:\Users\hkda\OneDrive\Documents\hka21\Year 4\Masters\Rugby_head_motions\Rugby1031.xlsx
Time: 2025-05-05 17:54:57.636834
Duration: 0.4s
Error: 'time'
==================================================

==================================================
File: C:\Users\hkda\OneDrive\Documents\hka21\Year 4\Masters\Rugby_head_motions\Rugby1032.xlsx
Time: 2025-05-05 17:54:57.897482
Duration: 0.2s
Error: 'time'
==================================================

==================================================
File: C:\Users\hkda\OneDrive\Documents\hka21\Year 4\Masters\Rugby_head_motions\Rugby1033.xlsx
Time: 2025-05-05 17:54:58.160171
Duration: 0.2s
Error: 'time'
==================================================

==================================================
File: C:\Users\hkda\OneDrive\Documents\hka21\Year 4\Masters\Rugby_head_motions\Rugby1034.xlsx
Time: 2025-05-05 17:54:58.435344
Duration: 0.2s
Error: 'time'
==================================================

==================================================
File: C:\Users\hkda\OneDrive\Documents\hka21\Year 4\Masters\Rugby_head_motions\Rugby1035.xlsx
Time: 2025-05-05 17:54:58.717930
Duration: 0.3s
Error: 'time'
==================================================

==================================================
File: C:\Users\hkda\OneDrive\Documents\hka21\Year 4\Masters\Rugby_head_motions\Rugby1036.xlsx
Time: 2025-05-05 17:54:59.024360
Duration: 0.3s
Error: 'time'
==================================================

==================================================
File: C:\Users\hkda\OneDrive\Documents\hka21\Year 4\Masters\Rugby_head_motions\Rugby1037.xlsx
Time: 2025-05-05 17:54:59.373090
Duration: 0.3s
Error: 'time'
==================================================

==================================================
File: C:\Users\hkda\OneDrive\Documents\hka21\Year 4\Masters\Rugby_head_motions\Rugby1038.xlsx
Time: 2025-05-05 17:54:59.641795
Duration: 0.2s
Error: 'time'
==================================================

==================================================
File: C:\Users\hkda\OneDrive\Documents\hka21\Year 4\Masters\Rugby_head_motions\Rugby1039.xlsx
Time: 2025-05-05 17:54:59.909996
Duration: 0.2s
Error: 'time'
==================================================

==================================================
File: C:\Users\hkda\OneDrive\Documents\hka21\Year 4\Masters\Rugby_head_motions\Rugby104.xlsx
Time: 2025-05-05 17:55:00.200266
Duration: 0.3s
Error: 'time'
==================================================

==================================================
File: C:\Users\hkda\OneDrive\Documents\hka21\Year 4\Masters\Rugby_head_motions\Rugby1040.xlsx
Time: 2025-05-05 17:55:00.523462
Duration: 0.3s
Error: 'time'
==================================================

==================================================
File: C:\Users\hkda\OneDrive\Documents\hka21\Year 4\Masters\Rugby_head_motions\Rugby1041.xlsx
Time: 2025-05-05 17:55:00.868779
Duration: 0.3s
Error: 'time'
==================================================

==================================================
File: C:\Users\hkda\OneDrive\Documents\hka21\Year 4\Masters\Rugby_head_motions\Rugby1042.xlsx
Time: 2025-05-05 17:55:01.170820
Duration: 0.3s
Error: 'time'
==================================================

==================================================
File: C:\Users\hkda\OneDrive\Documents\hka21\Year 4\Masters\Rugby_head_motions\Rugby1043.xlsx
Time: 2025-05-05 17:55:01.466732
Duration: 0.3s
Error: 'time'
==================================================

==================================================
File: C:\Users\hkda\OneDrive\Documents\hka21\Year 4\Masters\Rugby_head_motions\Rugby1044.xlsx
Time: 2025-05-05 17:55:01.713823
Duration: 0.2s
Error: 'time'
==================================================

==================================================
File: C:\Users\hkda\OneDrive\Documents\hka21\Year 4\Masters\Rugby_head_motions\Rugby1045.xlsx
Time: 2025-05-05 17:55:01.951700
Duration: 0.2s
Error: 'time'
==================================================

==================================================
File: C:\Users\hkda\OneDrive\Documents\hka21\Year 4\Masters\Rugby_head_motions\Rugby1046.xlsx
Time: 2025-05-05 17:55:02.254715
Duration: 0.3s
Error: 'time'
==================================================

==================================================
File: C:\Users\hkda\OneDrive\Documents\hka21\Year 4\Masters\Rugby_head_motions\Rugby1047.xlsx
Time: 2025-05-05 17:55:02.520079
Duration: 0.2s
Error: 'time'
==================================================

==================================================
File: C:\Users\hkda\OneDrive\Documents\hka21\Year 4\Masters\Rugby_head_motions\Rugby1048.xlsx
Time: 2025-05-05 17:55:02.751856
Duration: 0.2s
Error: 'time'
==================================================

==================================================
File: C:\Users\hkda\OneDrive\Documents\hka21\Year 4\Masters\Rugby_head_motions\Rugby1049.xlsx
Time: 2025-05-05 17:55:03.049250
Duration: 0.3s
Error: 'time'
==================================================

==================================================
File: C:\Users\hkda\OneDrive\Documents\hka21\Year 4\Masters\Rugby_head_motions\Rugby105.xlsx
Time: 2025-05-05 17:55:03.432782
Duration: 0.4s
Error: 'time'
==================================================

==================================================
File: C:\Users\hkda\OneDrive\Documents\hka21\Year 4\Masters\Rugby_head_motions\Rugby1050.xlsx
Time: 2025-05-05 17:55:03.871531
Duration: 0.4s
Error: 'time'
==================================================

==================================================
File: C:\Users\hkda\OneDrive\Documents\hka21\Year 4\Masters\Rugby_head_motions\Rugby1051.xlsx
Time: 2025-05-05 17:55:04.124403
Duration: 0.2s
Error: 'time'
==================================================

==================================================
File: C:\Users\hkda\OneDrive\Documents\hka21\Year 4\Masters\Rugby_head_motions\Rugby1052.xlsx
Time: 2025-05-05 17:55:04.392302
Duration: 0.2s
Error: 'time'
==================================================

==================================================
File: C:\Users\hkda\OneDrive\Documents\hka21\Year 4\Masters\Rugby_head_motions\Rugby1053.xlsx
Time: 2025-05-05 17:55:04.639258
Duration: 0.2s
Error: 'time'
==================================================

==================================================
File: C:\Users\hkda\OneDrive\Documents\hka21\Year 4\Masters\Rugby_head_motions\Rugby1054.xlsx
Time: 2025-05-05 17:55:04.906335
Duration: 0.2s
Error: 'time'
==================================================

==================================================
File: C:\Users\hkda\OneDrive\Documents\hka21\Year 4\Masters\Rugby_head_motions\Rugby1055.xlsx
Time: 2025-05-05 17:55:05.181548
Duration: 0.2s
Error: 'time'
==================================================

==================================================
File: C:\Users\hkda\OneDrive\Documents\hka21\Year 4\Masters\Rugby_head_motions\Rugby1056.xlsx
Time: 2025-05-05 17:55:05.449031
Duration: 0.2s
Error: 'time'
==================================================

==================================================
File: C:\Users\hkda\OneDrive\Documents\hka21\Year 4\Masters\Rugby_head_motions\Rugby1057.xlsx
Time: 2025-05-05 17:55:05.705871
Duration: 0.2s
Error: 'time'
==================================================

==================================================
File: C:\Users\hkda\OneDrive\Documents\hka21\Year 4\Masters\Rugby_head_motions\Rugby1058.xlsx
Time: 2025-05-05 17:55:05.984545
Duration: 0.3s
Error: 'time'
==================================================

==================================================
File: C:\Users\hkda\OneDrive\Documents\hka21\Year 4\Masters\Rugby_head_motions\Rugby1059.xlsx
Time: 2025-05-05 17:55:06.261961
Duration: 0.2s
Error: 'time'
==================================================

==================================================
File: C:\Users\hkda\OneDrive\Documents\hka21\Year 4\Masters\Rugby_head_motions\Rugby106.xlsx
Time: 2025-05-05 17:55:06.669823
Duration: 0.4s
Error: 'time'
==================================================

==================================================
File: C:\Users\hkda\OneDrive\Documents\hka21\Year 4\Masters\Rugby_head_motions\Rugby1060.xlsx
Time: 2025-05-05 17:55:07.051434
Duration: 0.4s
Error: 'time'
==================================================

==================================================
File: C:\Users\hkda\OneDrive\Documents\hka21\Year 4\Masters\Rugby_head_motions\Rugby1061.xlsx
Time: 2025-05-05 17:55:07.325767
Duration: 0.2s
Error: 'time'
==================================================

==================================================
File: C:\Users\hkda\OneDrive\Documents\hka21\Year 4\Masters\Rugby_head_motions\Rugby1062.xlsx
Time: 2025-05-05 17:55:07.590917
Duration: 0.2s
Error: 'time'
==================================================

==================================================
File: C:\Users\hkda\OneDrive\Documents\hka21\Year 4\Masters\Rugby_head_motions\Rugby1063.xlsx
Time: 2025-05-05 17:55:07.840332
Duration: 0.2s
Error: 'time'
==================================================

==================================================
File: C:\Users\hkda\OneDrive\Documents\hka21\Year 4\Masters\Rugby_head_motions\Rugby1064.xlsx
Time: 2025-05-05 17:55:08.085664
Duration: 0.2s
Error: 'time'
==================================================

==================================================
File: C:\Users\hkda\OneDrive\Documents\hka21\Year 4\Masters\Rugby_head_motions\Rugby1065.xlsx
Time: 2025-05-05 17:55:08.374160
Duration: 0.3s
Error: 'time'
==================================================

==================================================
File: C:\Users\hkda\OneDrive\Documents\hka21\Year 4\Masters\Rugby_head_motions\Rugby1066.xlsx
Time: 2025-05-05 17:55:08.678069
Duration: 0.3s
Error: 'time'
==================================================

==================================================
File: C:\Users\hkda\OneDrive\Documents\hka21\Year 4\Masters\Rugby_head_motions\Rugby1067.xlsx
Time: 2025-05-05 17:55:08.911191
Duration: 0.2s
Error: 'time'
==================================================

==================================================
File: C:\Users\hkda\OneDrive\Documents\hka21\Year 4\Masters\Rugby_head_motions\Rugby1068.xlsx
Time: 2025-05-05 17:55:09.190953
Duration: 0.2s
Error: 'time'
==================================================

==================================================
File: C:\Users\hkda\OneDrive\Documents\hka21\Year 4\Masters\Rugby_head_motions\Rugby1069.xlsx
Time: 2025-05-05 17:55:09.456376
Duration: 0.2s
Error: 'time'
==================================================

==================================================
File: C:\Users\hkda\OneDrive\Documents\hka21\Year 4\Masters\Rugby_head_motions\Rugby107.xlsx
Time: 2025-05-05 17:55:09.895267
Duration: 0.4s
Error: 'time'
==================================================

==================================================
File: C:\Users\hkda\OneDrive\Documents\hka21\Year 4\Masters\Rugby_head_motions\Rugby1070.xlsx
Time: 2025-05-05 17:55:10.244064
Duration: 0.3s
Error: 'time'
==================================================

==================================================
File: C:\Users\hkda\OneDrive\Documents\hka21\Year 4\Masters\Rugby_head_motions\Rugby1071.xlsx
Time: 2025-05-05 17:55:10.518827
Duration: 0.3s
Error: 'time'
==================================================

==================================================
File: C:\Users\hkda\OneDrive\Documents\hka21\Year 4\Masters\Rugby_head_motions\Rugby1072.xlsx
Time: 2025-05-05 17:55:10.795434
Duration: 0.2s
Error: 'time'
==================================================

==================================================
File: C:\Users\hkda\OneDrive\Documents\hka21\Year 4\Masters\Rugby_head_motions\Rugby1073.xlsx
Time: 2025-05-05 17:55:11.041786
Duration: 0.2s
Error: 'time'
==================================================

==================================================
File: C:\Users\hkda\OneDrive\Documents\hka21\Year 4\Masters\Rugby_head_motions\Rugby1074.xlsx
Time: 2025-05-05 17:55:11.291656
Duration: 0.2s
Error: 'time'
==================================================

==================================================
File: C:\Users\hkda\OneDrive\Documents\hka21\Year 4\Masters\Rugby_head_motions\Rugby1075.xlsx
Time: 2025-05-05 17:55:11.576762
Duration: 0.3s
Error: 'time'
==================================================

==================================================
File: C:\Users\hkda\OneDrive\Documents\hka21\Year 4\Masters\Rugby_head_motions\Rugby1076.xlsx
Time: 2025-05-05 17:55:11.866304
Duration: 0.3s
Error: 'time'
==================================================

==================================================
File: C:\Users\hkda\OneDrive\Documents\hka21\Year 4\Masters\Rugby_head_motions\Rugby1077.xlsx
Time: 2025-05-05 17:55:12.154985
Duration: 0.3s
Error: 'time'
==================================================

==================================================
File: C:\Users\hkda\OneDrive\Documents\hka21\Year 4\Masters\Rugby_head_motions\Rugby1078.xlsx
Time: 2025-05-05 17:55:12.408961
Duration: 0.2s
Error: 'time'
==================================================

==================================================
File: C:\Users\hkda\OneDrive\Documents\hka21\Year 4\Masters\Rugby_head_motions\Rugby1079.xlsx
Time: 2025-05-05 17:55:12.710879
Duration: 0.3s
Error: 'time'
==================================================

==================================================
File: C:\Users\hkda\OneDrive\Documents\hka21\Year 4\Masters\Rugby_head_motions\Rugby108.xlsx
Time: 2025-05-05 17:55:13.085881
Duration: 0.3s
Error: 'time'
==================================================

==================================================
File: C:\Users\hkda\OneDrive\Documents\hka21\Year 4\Masters\Rugby_head_motions\Rugby1080.xlsx
Time: 2025-05-05 17:55:13.460928
Duration: 0.3s
Error: 'time'
==================================================

==================================================
File: C:\Users\hkda\OneDrive\Documents\hka21\Year 4\Masters\Rugby_head_motions\Rugby1081.xlsx
Time: 2025-05-05 17:55:13.733935
Duration: 0.2s
Error: 'time'
==================================================

==================================================
File: C:\Users\hkda\OneDrive\Documents\hka21\Year 4\Masters\Rugby_head_motions\Rugby1082.xlsx
Time: 2025-05-05 17:55:13.976777
Duration: 0.2s
Error: 'time'
==================================================

==================================================
File: C:\Users\hkda\OneDrive\Documents\hka21\Year 4\Masters\Rugby_head_motions\Rugby1083.xlsx
Time: 2025-05-05 17:55:14.274397
Duration: 0.3s
Error: 'time'
==================================================

==================================================
File: C:\Users\hkda\OneDrive\Documents\hka21\Year 4\Masters\Rugby_head_motions\Rugby1084.xlsx
Time: 2025-05-05 17:55:14.561702
Duration: 0.3s
Error: 'time'
==================================================

==================================================
File: C:\Users\hkda\OneDrive\Documents\hka21\Year 4\Masters\Rugby_head_motions\Rugby1085.xlsx
Time: 2025-05-05 17:55:14.847926
Duration: 0.3s
Error: 'time'
==================================================

==================================================
File: C:\Users\hkda\OneDrive\Documents\hka21\Year 4\Masters\Rugby_head_motions\Rugby1086.xlsx
Time: 2025-05-05 17:55:15.118760
Duration: 0.2s
Error: 'time'
==================================================

==================================================
File: C:\Users\hkda\OneDrive\Documents\hka21\Year 4\Masters\Rugby_head_motions\Rugby1087.xlsx
Time: 2025-05-05 17:55:15.376968
Duration: 0.2s
Error: 'time'
==================================================

==================================================
File: C:\Users\hkda\OneDrive\Documents\hka21\Year 4\Masters\Rugby_head_motions\Rugby1088.xlsx
Time: 2025-05-05 17:55:15.664697
Duration: 0.3s
Error: 'time'
==================================================

==================================================
File: C:\Users\hkda\OneDrive\Documents\hka21\Year 4\Masters\Rugby_head_motions\Rugby1089.xlsx
Time: 2025-05-05 17:55:15.910565
Duration: 0.2s
Error: 'time'
==================================================

==================================================
File: C:\Users\hkda\OneDrive\Documents\hka21\Year 4\Masters\Rugby_head_motions\Rugby109.xlsx
Time: 2025-05-05 17:55:16.316602
Duration: 0.4s
Error: 'time'
==================================================

==================================================
File: C:\Users\hkda\OneDrive\Documents\hka21\Year 4\Masters\Rugby_head_motions\Rugby1090.xlsx
Time: 2025-05-05 17:55:16.584446
Duration: 0.2s
Error: 'time'
==================================================

==================================================
File: C:\Users\hkda\OneDrive\Documents\hka21\Year 4\Masters\Rugby_head_motions\Rugby1091.xlsx
Time: 2025-05-05 17:55:16.829332
Duration: 0.2s
Error: 'time'
==================================================

==================================================
File: C:\Users\hkda\OneDrive\Documents\hka21\Year 4\Masters\Rugby_head_motions\Rugby1092.xlsx
Time: 2025-05-05 17:55:17.127086
Duration: 0.3s
Error: 'time'
==================================================

==================================================
File: C:\Users\hkda\OneDrive\Documents\hka21\Year 4\Masters\Rugby_head_motions\Rugby1093.xlsx
Time: 2025-05-05 17:55:17.375207
Duration: 0.2s
Error: 'time'
==================================================

==================================================
File: C:\Users\hkda\OneDrive\Documents\hka21\Year 4\Masters\Rugby_head_motions\Rugby1094.xlsx
Time: 2025-05-05 17:55:17.638519
Duration: 0.2s
Error: 'time'
==================================================

==================================================
File: C:\Users\hkda\OneDrive\Documents\hka21\Year 4\Masters\Rugby_head_motions\Rugby1095.xlsx
Time: 2025-05-05 17:55:17.906558
Duration: 0.2s
Error: 'time'
==================================================

==================================================
File: C:\Users\hkda\OneDrive\Documents\hka21\Year 4\Masters\Rugby_head_motions\Rugby1096.xlsx
Time: 2025-05-05 17:55:18.217253
Duration: 0.3s
Error: 'time'
==================================================

==================================================
File: C:\Users\hkda\OneDrive\Documents\hka21\Year 4\Masters\Rugby_head_motions\Rugby1097.xlsx
Time: 2025-05-05 17:55:18.474204
Duration: 0.2s
Error: 'time'
==================================================

==================================================
File: C:\Users\hkda\OneDrive\Documents\hka21\Year 4\Masters\Rugby_head_motions\Rugby1098.xlsx
Time: 2025-05-05 17:55:18.736993
Duration: 0.2s
Error: 'time'
==================================================

==================================================
File: C:\Users\hkda\OneDrive\Documents\hka21\Year 4\Masters\Rugby_head_motions\Rugby1099.xlsx
Time: 2025-05-05 17:55:19.044912
Duration: 0.3s
Error: 'time'
==================================================

==================================================
File: C:\Users\hkda\OneDrive\Documents\hka21\Year 4\Masters\Rugby_head_motions\Rugby11.xlsx
Time: 2025-05-05 17:55:19.104611
Duration: 0.0s
Error: 'time'
==================================================

==================================================
File: C:\Users\hkda\OneDrive\Documents\hka21\Year 4\Masters\Rugby_head_motions\Rugby110.xlsx
Time: 2025-05-05 17:55:19.386589
Duration: 0.3s
Error: 'time'
==================================================

==================================================
File: C:\Users\hkda\OneDrive\Documents\hka21\Year 4\Masters\Rugby_head_motions\Rugby1100.xlsx
Time: 2025-05-05 17:55:19.745699
Duration: 0.3s
Error: 'time'
==================================================

==================================================
File: C:\Users\hkda\OneDrive\Documents\hka21\Year 4\Masters\Rugby_head_motions\Rugby1101.xlsx
Time: 2025-05-05 17:55:20.025002
Duration: 0.3s
Error: 'time'
==================================================

==================================================
File: C:\Users\hkda\OneDrive\Documents\hka21\Year 4\Masters\Rugby_head_motions\Rugby1102.xlsx
Time: 2025-05-05 17:55:20.343483
Duration: 0.3s
Error: 'time'
==================================================

==================================================
File: C:\Users\hkda\OneDrive\Documents\hka21\Year 4\Masters\Rugby_head_motions\Rugby1103.xlsx
Time: 2025-05-05 17:55:20.619595
Duration: 0.3s
Error: 'time'
==================================================

==================================================
File: C:\Users\hkda\OneDrive\Documents\hka21\Year 4\Masters\Rugby_head_motions\Rugby1104.xlsx
Time: 2025-05-05 17:55:20.870193
Duration: 0.2s
Error: 'time'
==================================================

==================================================
File: C:\Users\hkda\OneDrive\Documents\hka21\Year 4\Masters\Rugby_head_motions\Rugby1105.xlsx
Time: 2025-05-05 17:55:21.157614
Duration: 0.3s
Error: 'time'
==================================================

==================================================
File: C:\Users\hkda\OneDrive\Documents\hka21\Year 4\Masters\Rugby_head_motions\Rugby1106.xlsx
Time: 2025-05-05 17:55:21.408136
Duration: 0.2s
Error: 'time'
==================================================

==================================================
File: C:\Users\hkda\OneDrive\Documents\hka21\Year 4\Masters\Rugby_head_motions\Rugby1107.xlsx
Time: 2025-05-05 17:55:21.679504
Duration: 0.2s
Error: 'time'
==================================================

==================================================
File: C:\Users\hkda\OneDrive\Documents\hka21\Year 4\Masters\Rugby_head_motions\Rugby1108.xlsx
Time: 2025-05-05 17:55:21.922845
Duration: 0.2s
Error: 'time'
==================================================

==================================================
File: C:\Users\hkda\OneDrive\Documents\hka21\Year 4\Masters\Rugby_head_motions\Rugby1109.xlsx
Time: 2025-05-05 17:55:22.360628
Duration: 0.4s
Error: 'time'
==================================================

==================================================
File: C:\Users\hkda\OneDrive\Documents\hka21\Year 4\Masters\Rugby_head_motions\Rugby111.xlsx
Time: 2025-05-05 17:55:22.706209
Duration: 0.3s
Error: 'time'
==================================================

==================================================
File: C:\Users\hkda\OneDrive\Documents\hka21\Year 4\Masters\Rugby_head_motions\Rugby1110.xlsx
Time: 2025-05-05 17:55:22.982617
Duration: 0.3s
Error: 'time'
==================================================

==================================================
File: C:\Users\hkda\OneDrive\Documents\hka21\Year 4\Masters\Rugby_head_motions\Rugby1111.xlsx
Time: 2025-05-05 17:55:23.279501
Duration: 0.3s
Error: 'time'
==================================================

==================================================
File: C:\Users\hkda\OneDrive\Documents\hka21\Year 4\Masters\Rugby_head_motions\Rugby1112.xlsx
Time: 2025-05-05 17:55:23.538008
Duration: 0.2s
Error: 'time'
==================================================

==================================================
File: C:\Users\hkda\OneDrive\Documents\hka21\Year 4\Masters\Rugby_head_motions\Rugby1113.xlsx
Time: 2025-05-05 17:55:23.820139
Duration: 0.3s
Error: 'time'
==================================================

==================================================
File: C:\Users\hkda\OneDrive\Documents\hka21\Year 4\Masters\Rugby_head_motions\Rugby1114.xlsx
Time: 2025-05-05 17:55:24.075462
Duration: 0.2s
Error: 'time'
==================================================

==================================================
File: C:\Users\hkda\OneDrive\Documents\hka21\Year 4\Masters\Rugby_head_motions\Rugby1115.xlsx
Time: 2025-05-05 17:55:24.319692
Duration: 0.2s
Error: 'time'
==================================================

==================================================
File: C:\Users\hkda\OneDrive\Documents\hka21\Year 4\Masters\Rugby_head_motions\Rugby1116.xlsx
Time: 2025-05-05 17:55:24.615605
Duration: 0.3s
Error: 'time'
==================================================

==================================================
File: C:\Users\hkda\OneDrive\Documents\hka21\Year 4\Masters\Rugby_head_motions\Rugby1117.xlsx
Time: 2025-05-05 17:55:24.881249
Duration: 0.2s
Error: 'time'
==================================================

==================================================
File: C:\Users\hkda\OneDrive\Documents\hka21\Year 4\Masters\Rugby_head_motions\Rugby1118.xlsx
Time: 2025-05-05 17:55:25.149429
Duration: 0.2s
Error: 'time'
==================================================

==================================================
File: C:\Users\hkda\OneDrive\Documents\hka21\Year 4\Masters\Rugby_head_motions\Rugby1119.xlsx
Time: 2025-05-05 17:55:25.525716
Duration: 0.4s
Error: 'time'
==================================================

==================================================
File: C:\Users\hkda\OneDrive\Documents\hka21\Year 4\Masters\Rugby_head_motions\Rugby112.xlsx
Time: 2025-05-05 17:55:25.797452
Duration: 0.2s
Error: 'time'
==================================================

==================================================
File: C:\Users\hkda\OneDrive\Documents\hka21\Year 4\Masters\Rugby_head_motions\Rugby1120.xlsx
Time: 2025-05-05 17:55:26.059670
Duration: 0.2s
Error: 'time'
==================================================

==================================================
File: C:\Users\hkda\OneDrive\Documents\hka21\Year 4\Masters\Rugby_head_motions\Rugby1121.xlsx
Time: 2025-05-05 17:55:26.346895
Duration: 0.3s
Error: 'time'
==================================================

==================================================
File: C:\Users\hkda\OneDrive\Documents\hka21\Year 4\Masters\Rugby_head_motions\Rugby1122.xlsx
Time: 2025-05-05 17:55:26.599165
Duration: 0.2s
Error: 'time'
==================================================

==================================================
File: C:\Users\hkda\OneDrive\Documents\hka21\Year 4\Masters\Rugby_head_motions\Rugby1123.xlsx
Time: 2025-05-05 17:55:26.849864
Duration: 0.2s
Error: 'time'
==================================================

==================================================
File: C:\Users\hkda\OneDrive\Documents\hka21\Year 4\Masters\Rugby_head_motions\Rugby1124.xlsx
Time: 2025-05-05 17:55:27.147128
Duration: 0.3s
Error: 'time'
==================================================

==================================================
File: C:\Users\hkda\OneDrive\Documents\hka21\Year 4\Masters\Rugby_head_motions\Rugby1125.xlsx
Time: 2025-05-05 17:55:27.410698
Duration: 0.2s
Error: 'time'
==================================================

==================================================
File: C:\Users\hkda\OneDrive\Documents\hka21\Year 4\Masters\Rugby_head_motions\Rugby1126.xlsx
Time: 2025-05-05 17:55:27.689152
Duration: 0.2s
Error: 'time'
==================================================

==================================================
File: C:\Users\hkda\OneDrive\Documents\hka21\Year 4\Masters\Rugby_head_motions\Rugby1127.xlsx
Time: 2025-05-05 17:55:27.949534
Duration: 0.2s
Error: 'time'
==================================================

==================================================
File: C:\Users\hkda\OneDrive\Documents\hka21\Year 4\Masters\Rugby_head_motions\Rugby1128.xlsx
Time: 2025-05-05 17:55:28.223364
Duration: 0.2s
Error: 'time'
==================================================

==================================================
File: C:\Users\hkda\OneDrive\Documents\hka21\Year 4\Masters\Rugby_head_motions\Rugby1129.xlsx
Time: 2025-05-05 17:55:28.533994
Duration: 0.3s
Error: 'time'
==================================================

==================================================
File: C:\Users\hkda\OneDrive\Documents\hka21\Year 4\Masters\Rugby_head_motions\Rugby113.xlsx
Time: 2025-05-05 17:55:28.789457
Duration: 0.2s
Error: 'time'
==================================================

==================================================
File: C:\Users\hkda\OneDrive\Documents\hka21\Year 4\Masters\Rugby_head_motions\Rugby1130.xlsx
Time: 2025-05-05 17:55:29.034007
Duration: 0.2s
Error: 'time'
==================================================

==================================================
File: C:\Users\hkda\OneDrive\Documents\hka21\Year 4\Masters\Rugby_head_motions\Rugby1131.xlsx
Time: 2025-05-05 17:55:29.333959
Duration: 0.3s
Error: 'time'
==================================================

==================================================
File: C:\Users\hkda\OneDrive\Documents\hka21\Year 4\Masters\Rugby_head_motions\Rugby1132.xlsx
Time: 2025-05-05 17:55:29.662647
Duration: 0.3s
Error: 'time'
==================================================

==================================================
File: C:\Users\hkda\OneDrive\Documents\hka21\Year 4\Masters\Rugby_head_motions\Rugby1133.xlsx
Time: 2025-05-05 17:55:29.949241
Duration: 0.3s
Error: 'time'
==================================================

==================================================
File: C:\Users\hkda\OneDrive\Documents\hka21\Year 4\Masters\Rugby_head_motions\Rugby1134.xlsx
Time: 2025-05-05 17:55:30.205197
Duration: 0.2s
Error: 'time'
==================================================

==================================================
File: C:\Users\hkda\OneDrive\Documents\hka21\Year 4\Masters\Rugby_head_motions\Rugby1135.xlsx
Time: 2025-05-05 17:55:30.493281
Duration: 0.3s
Error: 'time'
==================================================

==================================================
File: C:\Users\hkda\OneDrive\Documents\hka21\Year 4\Masters\Rugby_head_motions\Rugby1136.xlsx
Time: 2025-05-05 17:55:30.773570
Duration: 0.2s
Error: 'time'
==================================================

==================================================
File: C:\Users\hkda\OneDrive\Documents\hka21\Year 4\Masters\Rugby_head_motions\Rugby1137.xlsx
Time: 2025-05-05 17:55:31.017797
Duration: 0.2s
Error: 'time'
==================================================

==================================================
File: C:\Users\hkda\OneDrive\Documents\hka21\Year 4\Masters\Rugby_head_motions\Rugby1138.xlsx
Time: 2025-05-05 17:55:31.878854
Duration: 0.8s
Error: 'time'
==================================================

==================================================
File: C:\Users\hkda\OneDrive\Documents\hka21\Year 4\Masters\Rugby_head_motions\Rugby1139.xlsx
Time: 2025-05-05 17:55:32.134521
Duration: 0.2s
Error: 'time'
==================================================

==================================================
File: C:\Users\hkda\OneDrive\Documents\hka21\Year 4\Masters\Rugby_head_motions\Rugby114.xlsx
Time: 2025-05-05 17:55:32.424229
Duration: 0.3s
Error: 'time'
==================================================

==================================================
File: C:\Users\hkda\OneDrive\Documents\hka21\Year 4\Masters\Rugby_head_motions\Rugby1140.xlsx
Time: 2025-05-05 17:55:32.691692
Duration: 0.2s
Error: 'time'
==================================================

==================================================
File: C:\Users\hkda\OneDrive\Documents\hka21\Year 4\Masters\Rugby_head_motions\Rugby1141.xlsx
Time: 2025-05-05 17:55:32.959178
Duration: 0.2s
Error: 'time'
==================================================

==================================================
File: C:\Users\hkda\OneDrive\Documents\hka21\Year 4\Masters\Rugby_head_motions\Rugby1142.xlsx
Time: 2025-05-05 17:55:33.233355
Duration: 0.2s
Error: 'time'
==================================================

==================================================
File: C:\Users\hkda\OneDrive\Documents\hka21\Year 4\Masters\Rugby_head_motions\Rugby1143.xlsx
Time: 2025-05-05 17:55:33.504790
Duration: 0.2s
Error: 'time'
==================================================

==================================================
File: C:\Users\hkda\OneDrive\Documents\hka21\Year 4\Masters\Rugby_head_motions\Rugby1144.xlsx
Time: 2025-05-05 17:55:33.755614
Duration: 0.2s
Error: 'time'
==================================================

==================================================
File: C:\Users\hkda\OneDrive\Documents\hka21\Year 4\Masters\Rugby_head_motions\Rugby1145.xlsx
Time: 2025-05-05 17:55:34.055084
Duration: 0.3s
Error: 'time'
==================================================

==================================================
File: C:\Users\hkda\OneDrive\Documents\hka21\Year 4\Masters\Rugby_head_motions\Rugby1146.xlsx
Time: 2025-05-05 17:55:34.307343
Duration: 0.2s
Error: 'time'
==================================================

==================================================
File: C:\Users\hkda\OneDrive\Documents\hka21\Year 4\Masters\Rugby_head_motions\Rugby1147.xlsx
Time: 2025-05-05 17:55:34.651986
Duration: 0.3s
Error: 'time'
==================================================

==================================================
File: C:\Users\hkda\OneDrive\Documents\hka21\Year 4\Masters\Rugby_head_motions\Rugby1148.xlsx
Time: 2025-05-05 17:55:35.037823
Duration: 0.4s
Error: 'time'
==================================================

==================================================
File: C:\Users\hkda\OneDrive\Documents\hka21\Year 4\Masters\Rugby_head_motions\Rugby1149.xlsx
Time: 2025-05-05 17:55:35.287827
Duration: 0.2s
Error: 'time'
==================================================

==================================================
File: C:\Users\hkda\OneDrive\Documents\hka21\Year 4\Masters\Rugby_head_motions\Rugby115.xlsx
Time: 2025-05-05 17:55:35.531853
Duration: 0.2s
Error: 'time'
==================================================

==================================================
File: C:\Users\hkda\OneDrive\Documents\hka21\Year 4\Masters\Rugby_head_motions\Rugby1150.xlsx
Time: 2025-05-05 17:55:35.804054
Duration: 0.2s
Error: 'time'
==================================================

==================================================
File: C:\Users\hkda\OneDrive\Documents\hka21\Year 4\Masters\Rugby_head_motions\Rugby1151.xlsx
Time: 2025-05-05 17:55:36.050800
Duration: 0.2s
Error: 'time'
==================================================

==================================================
File: C:\Users\hkda\OneDrive\Documents\hka21\Year 4\Masters\Rugby_head_motions\Rugby1152.xlsx
Time: 2025-05-05 17:55:36.299751
Duration: 0.2s
Error: 'time'
==================================================

==================================================
File: C:\Users\hkda\OneDrive\Documents\hka21\Year 4\Masters\Rugby_head_motions\Rugby1153.xlsx
Time: 2025-05-05 17:55:36.604935
Duration: 0.3s
Error: 'time'
==================================================

==================================================
File: C:\Users\hkda\OneDrive\Documents\hka21\Year 4\Masters\Rugby_head_motions\Rugby1154.xlsx
Time: 2025-05-05 17:55:36.870130
Duration: 0.2s
Error: 'time'
==================================================

==================================================
File: C:\Users\hkda\OneDrive\Documents\hka21\Year 4\Masters\Rugby_head_motions\Rugby1155.xlsx
Time: 2025-05-05 17:55:37.148888
Duration: 0.3s
Error: 'time'
==================================================

==================================================
File: C:\Users\hkda\OneDrive\Documents\hka21\Year 4\Masters\Rugby_head_motions\Rugby1156.xlsx
Time: 2025-05-05 17:55:37.544162
Duration: 0.4s
Error: 'time'
==================================================

==================================================
File: C:\Users\hkda\OneDrive\Documents\hka21\Year 4\Masters\Rugby_head_motions\Rugby1157.xlsx
Time: 2025-05-05 17:55:37.840715
Duration: 0.3s
Error: 'time'
==================================================

==================================================
File: C:\Users\hkda\OneDrive\Documents\hka21\Year 4\Masters\Rugby_head_motions\Rugby1158.xlsx
Time: 2025-05-05 17:55:38.151789
Duration: 0.3s
Error: 'time'
==================================================

==================================================
File: C:\Users\hkda\OneDrive\Documents\hka21\Year 4\Masters\Rugby_head_motions\Rugby1159.xlsx
Time: 2025-05-05 17:55:38.402970
Duration: 0.2s
Error: 'time'
==================================================

==================================================
File: C:\Users\hkda\OneDrive\Documents\hka21\Year 4\Masters\Rugby_head_motions\Rugby116.xlsx
Time: 2025-05-05 17:55:38.680856
Duration: 0.3s
Error: 'time'
==================================================
